{"message":"_app->__construct()","context":{"0":{"requested_path":null},"1":{"actual_path":"/_page/show/index"},"class":"_app"},"level":400,"level_name":"ERROR","channel":"_app","datetime":"2024-10-27T23:16:27.528843+00:00","extra":{}}
{"message":"starting app","context":{"0":{"requested_path":null},"1":{"actual_path":"/_page/show/index"},"class":"_app"},"level":400,"level_name":"ERROR","channel":"_app","datetime":"2024-10-27T23:16:27.529516+00:00","extra":{}}
{"message":"parsing request path","context":{"0":{"requested_path":null},"1":{"actual_path":"/_page/show/index"},"class":"_app"},"level":400,"level_name":"ERROR","channel":"_app","datetime":"2024-10-27T23:16:27.529635+00:00","extra":{}}
{"message":"uri","context":{"0":{"requested_path":null},"1":{"actual_path":"/_page/show/index"},"2":{"1":"_page","2":"show","3":"index"},"class":"_app"},"level":400,"level_name":"ERROR","channel":"_app","datetime":"2024-10-27T23:16:27.529840+00:00","extra":{}}
{"message":"requested_path parsed","context":{"ctlr":"_page","method":"show","args":"index","0":{"path":"_page/show"},"class":"_app"},"level":400,"level_name":"ERROR","channel":"_app","datetime":"2024-10-27T23:16:27.530381+00:00","extra":{}}
{"message":"path_access","context":{"ctlr":"_page","method":"show","args":"index","0":{"path":"_page/show"},"1":{"_public_path_id":6,"_public_path_new":"2024-08-31 15:40:37.431008","_public_path_edit":"2024-08-31 15:40:37.431008","_public_path_active":1,"_public_path":"_page/show/index"},"class":"_app"},"level":400,"level_name":"ERROR","channel":"_app","datetime":"2024-10-27T23:16:27.538123+00:00","extra":{}}
{"message":"path_access_granted","context":{"ctlr":"_page","method":"show","args":"index","0":{"path":"_page/show"},"1":{"_public_path_id":6,"_public_path_new":"2024-08-31 15:40:37.431008","_public_path_edit":"2024-08-31 15:40:37.431008","_public_path_active":1,"_public_path":"_page/show/index"},"class":"_app"},"level":400,"level_name":"ERROR","channel":"_app","datetime":"2024-10-27T23:16:27.538142+00:00","extra":{}}
{"message":"app started","context":{"ctlr":"_page","method":"show","args":"index","0":{"path":"_page/show"},"1":{"_public_path_id":6,"_public_path_new":"2024-08-31 15:40:37.431008","_public_path_edit":"2024-08-31 15:40:37.431008","_public_path_active":1,"_public_path":"_page/show/index"},"2":[false],"class":"_app"},"level":400,"level_name":"ERROR","channel":"_app","datetime":"2024-10-27T23:16:27.557607+00:00","extra":{}}
{"message":"Serving path","context":{"ctlr":"_page","method":"show","args":"index","0":{"path":"_page/show"},"1":{"_public_path_id":6,"_public_path_new":"2024-08-31 15:40:37.431008","_public_path_edit":"2024-08-31 15:40:37.431008","_public_path_active":1,"_public_path":"_page/show/index"},"2":[false],"class":"_app"},"level":400,"level_name":"ERROR","channel":"_app","datetime":"2024-10-27T23:16:27.557654+00:00","extra":{}}
{"message":"serving _page_ctlr->show","context":{"ctlr":"_page","method":"show","args":"index","0":{"path":"_page/show"},"1":{"_public_path_id":6,"_public_path_new":"2024-08-31 15:40:37.431008","_public_path_edit":"2024-08-31 15:40:37.431008","_public_path_active":1,"_public_path":"_page/show/index"},"2":[false],"class":"_app"},"level":400,"level_name":"ERROR","channel":"_app","datetime":"2024-10-27T23:16:27.557676+00:00","extra":{}}
{"message":"instantiated ctlr","context":{"0":{},"class":"_app"},"level":400,"level_name":"ERROR","channel":"_app","datetime":"2024-10-27T23:16:27.559252+00:00","extra":{}}
{"message":"app obj args","context":{"0":{},"1":"index","class":"_app"},"level":400,"level_name":"ERROR","channel":"_app","datetime":"2024-10-27T23:16:27.564275+00:00","extra":{}}
{"message":"_app->__construct()","context":{"0":{"requested_path":"favicon.ico"},"1":{"actual_path":"favicon.ico"},"class":"_app"},"level":400,"level_name":"ERROR","channel":"_app","datetime":"2024-10-27T23:16:27.719839+00:00","extra":{}}
{"message":"starting app","context":{"0":{"requested_path":"favicon.ico"},"1":{"actual_path":"favicon.ico"},"class":"_app"},"level":400,"level_name":"ERROR","channel":"_app","datetime":"2024-10-27T23:16:27.719948+00:00","extra":{}}
{"message":"parsing request path","context":{"0":{"requested_path":"favicon.ico"},"1":{"actual_path":"favicon.ico"},"class":"_app"},"level":400,"level_name":"ERROR","channel":"_app","datetime":"2024-10-27T23:16:27.720033+00:00","extra":{}}
{"message":"uri","context":{"0":{"requested_path":"favicon.ico"},"1":{"actual_path":"favicon.ico"},"2":["favicon.ico"],"class":"_app"},"level":400,"level_name":"ERROR","channel":"_app","datetime":"2024-10-27T23:16:27.720062+00:00","extra":{}}
{"message":"_app->__construct()","context":{"0":{"requested_path":null},"1":{"actual_path":"/_page/show/index"},"class":"_app"},"level":400,"level_name":"ERROR","channel":"_app","datetime":"2024-10-27T23:18:09.796465+00:00","extra":{}}
{"message":"starting app","context":{"0":{"requested_path":null},"1":{"actual_path":"/_page/show/index"},"class":"_app"},"level":400,"level_name":"ERROR","channel":"_app","datetime":"2024-10-27T23:18:09.796971+00:00","extra":{}}
{"message":"parsing request path","context":{"0":{"requested_path":null},"1":{"actual_path":"/_page/show/index"},"class":"_app"},"level":400,"level_name":"ERROR","channel":"_app","datetime":"2024-10-27T23:18:09.797061+00:00","extra":{}}
{"message":"uri","context":{"0":{"requested_path":null},"1":{"actual_path":"/_page/show/index"},"2":{"1":"_page","2":"show","3":"index"},"class":"_app"},"level":400,"level_name":"ERROR","channel":"_app","datetime":"2024-10-27T23:18:09.797132+00:00","extra":{}}
{"message":"requested_path parsed","context":{"ctlr":"_page","method":"show","args":"index","0":{"path":"_page/show"},"class":"_app"},"level":400,"level_name":"ERROR","channel":"_app","datetime":"2024-10-27T23:18:09.797207+00:00","extra":{}}
{"message":"path_access","context":{"ctlr":"_page","method":"show","args":"index","0":{"path":"_page/show"},"1":{"_public_path_id":6,"_public_path_new":"2024-08-31 15:40:37.431008","_public_path_edit":"2024-08-31 15:40:37.431008","_public_path_active":1,"_public_path":"_page/show/index"},"class":"_app"},"level":400,"level_name":"ERROR","channel":"_app","datetime":"2024-10-27T23:18:09.806372+00:00","extra":{}}
{"message":"path_access_granted","context":{"ctlr":"_page","method":"show","args":"index","0":{"path":"_page/show"},"1":{"_public_path_id":6,"_public_path_new":"2024-08-31 15:40:37.431008","_public_path_edit":"2024-08-31 15:40:37.431008","_public_path_active":1,"_public_path":"_page/show/index"},"class":"_app"},"level":400,"level_name":"ERROR","channel":"_app","datetime":"2024-10-27T23:18:09.806441+00:00","extra":{}}
{"message":"app started","context":{"ctlr":"_page","method":"show","args":"index","0":{"path":"_page/show"},"1":{"_public_path_id":6,"_public_path_new":"2024-08-31 15:40:37.431008","_public_path_edit":"2024-08-31 15:40:37.431008","_public_path_active":1,"_public_path":"_page/show/index"},"2":[false],"class":"_app"},"level":400,"level_name":"ERROR","channel":"_app","datetime":"2024-10-27T23:18:09.816585+00:00","extra":{}}
{"message":"Serving path","context":{"ctlr":"_page","method":"show","args":"index","0":{"path":"_page/show"},"1":{"_public_path_id":6,"_public_path_new":"2024-08-31 15:40:37.431008","_public_path_edit":"2024-08-31 15:40:37.431008","_public_path_active":1,"_public_path":"_page/show/index"},"2":[false],"class":"_app"},"level":400,"level_name":"ERROR","channel":"_app","datetime":"2024-10-27T23:18:09.816662+00:00","extra":{}}
{"message":"serving _page_ctlr->show","context":{"ctlr":"_page","method":"show","args":"index","0":{"path":"_page/show"},"1":{"_public_path_id":6,"_public_path_new":"2024-08-31 15:40:37.431008","_public_path_edit":"2024-08-31 15:40:37.431008","_public_path_active":1,"_public_path":"_page/show/index"},"2":[false],"class":"_app"},"level":400,"level_name":"ERROR","channel":"_app","datetime":"2024-10-27T23:18:09.816701+00:00","extra":{}}
{"message":"instantiated ctlr","context":{"0":{},"class":"_app"},"level":400,"level_name":"ERROR","channel":"_app","datetime":"2024-10-27T23:18:09.818359+00:00","extra":{}}
{"message":"app obj args","context":{"0":{},"1":"index","class":"_app"},"level":400,"level_name":"ERROR","channel":"_app","datetime":"2024-10-27T23:18:09.827264+00:00","extra":{}}
{"message":"_app->__construct()","context":{"0":{"requested_path":"favicon.ico"},"1":{"actual_path":"favicon.ico"},"class":"_app"},"level":400,"level_name":"ERROR","channel":"_app","datetime":"2024-10-27T23:18:10.053406+00:00","extra":{}}
{"message":"starting app","context":{"0":{"requested_path":"favicon.ico"},"1":{"actual_path":"favicon.ico"},"class":"_app"},"level":400,"level_name":"ERROR","channel":"_app","datetime":"2024-10-27T23:18:10.053533+00:00","extra":{}}
{"message":"parsing request path","context":{"0":{"requested_path":"favicon.ico"},"1":{"actual_path":"favicon.ico"},"class":"_app"},"level":400,"level_name":"ERROR","channel":"_app","datetime":"2024-10-27T23:18:10.053553+00:00","extra":{}}
{"message":"uri","context":{"0":{"requested_path":"favicon.ico"},"1":{"actual_path":"favicon.ico"},"2":["favicon.ico"],"class":"_app"},"level":400,"level_name":"ERROR","channel":"_app","datetime":"2024-10-27T23:18:10.053569+00:00","extra":{}}
{"message":"_app->__construct()","context":{"0":{"requested_path":null},"1":{"actual_path":"/_page/show/index"},"class":"_app"},"level":400,"level_name":"ERROR","channel":"_app","datetime":"2024-10-27T23:19:27.642666+00:00","extra":{}}
{"message":"starting app","context":{"0":{"requested_path":null},"1":{"actual_path":"/_page/show/index"},"class":"_app"},"level":400,"level_name":"ERROR","channel":"_app","datetime":"2024-10-27T23:19:27.642835+00:00","extra":{}}
{"message":"parsing request path","context":{"0":{"requested_path":null},"1":{"actual_path":"/_page/show/index"},"class":"_app"},"level":400,"level_name":"ERROR","channel":"_app","datetime":"2024-10-27T23:19:27.642865+00:00","extra":{}}
{"message":"uri","context":{"0":{"requested_path":null},"1":{"actual_path":"/_page/show/index"},"2":{"1":"_page","2":"show","3":"index"},"class":"_app"},"level":400,"level_name":"ERROR","channel":"_app","datetime":"2024-10-27T23:19:27.642888+00:00","extra":{}}
{"message":"requested_path parsed","context":{"ctlr":"_page","method":"show","args":"index","0":{"path":"_page/show"},"class":"_app"},"level":400,"level_name":"ERROR","channel":"_app","datetime":"2024-10-27T23:19:27.642917+00:00","extra":{}}
{"message":"path_access","context":{"ctlr":"_page","method":"show","args":"index","0":{"path":"_page/show"},"1":{"_public_path_id":6,"_public_path_new":"2024-08-31 15:40:37.431008","_public_path_edit":"2024-08-31 15:40:37.431008","_public_path_active":1,"_public_path":"_page/show/index"},"class":"_app"},"level":400,"level_name":"ERROR","channel":"_app","datetime":"2024-10-27T23:19:27.663479+00:00","extra":{}}
{"message":"path_access_granted","context":{"ctlr":"_page","method":"show","args":"index","0":{"path":"_page/show"},"1":{"_public_path_id":6,"_public_path_new":"2024-08-31 15:40:37.431008","_public_path_edit":"2024-08-31 15:40:37.431008","_public_path_active":1,"_public_path":"_page/show/index"},"class":"_app"},"level":400,"level_name":"ERROR","channel":"_app","datetime":"2024-10-27T23:19:27.663542+00:00","extra":{}}
{"message":"app started","context":{"ctlr":"_page","method":"show","args":"index","0":{"path":"_page/show"},"1":{"_public_path_id":6,"_public_path_new":"2024-08-31 15:40:37.431008","_public_path_edit":"2024-08-31 15:40:37.431008","_public_path_active":1,"_public_path":"_page/show/index"},"2":[false],"class":"_app"},"level":400,"level_name":"ERROR","channel":"_app","datetime":"2024-10-27T23:19:27.688773+00:00","extra":{}}
{"message":"Serving path","context":{"ctlr":"_page","method":"show","args":"index","0":{"path":"_page/show"},"1":{"_public_path_id":6,"_public_path_new":"2024-08-31 15:40:37.431008","_public_path_edit":"2024-08-31 15:40:37.431008","_public_path_active":1,"_public_path":"_page/show/index"},"2":[false],"class":"_app"},"level":400,"level_name":"ERROR","channel":"_app","datetime":"2024-10-27T23:19:27.688859+00:00","extra":{}}
{"message":"serving _page_ctlr->show","context":{"ctlr":"_page","method":"show","args":"index","0":{"path":"_page/show"},"1":{"_public_path_id":6,"_public_path_new":"2024-08-31 15:40:37.431008","_public_path_edit":"2024-08-31 15:40:37.431008","_public_path_active":1,"_public_path":"_page/show/index"},"2":[false],"class":"_app"},"level":400,"level_name":"ERROR","channel":"_app","datetime":"2024-10-27T23:19:27.688900+00:00","extra":{}}
{"message":"instantiated ctlr","context":{"0":{},"class":"_app"},"level":400,"level_name":"ERROR","channel":"_app","datetime":"2024-10-27T23:19:27.691513+00:00","extra":{}}
{"message":"app obj args","context":{"0":{},"1":"index","class":"_app"},"level":400,"level_name":"ERROR","channel":"_app","datetime":"2024-10-27T23:19:27.715549+00:00","extra":{}}
{"message":"_app->__construct()","context":{"0":{"requested_path":"favicon.ico"},"1":{"actual_path":"favicon.ico"},"class":"_app"},"level":400,"level_name":"ERROR","channel":"_app","datetime":"2024-10-27T23:19:27.960786+00:00","extra":{}}
{"message":"starting app","context":{"0":{"requested_path":"favicon.ico"},"1":{"actual_path":"favicon.ico"},"class":"_app"},"level":400,"level_name":"ERROR","channel":"_app","datetime":"2024-10-27T23:19:27.960892+00:00","extra":{}}
{"message":"parsing request path","context":{"0":{"requested_path":"favicon.ico"},"1":{"actual_path":"favicon.ico"},"class":"_app"},"level":400,"level_name":"ERROR","channel":"_app","datetime":"2024-10-27T23:19:27.960912+00:00","extra":{}}
{"message":"uri","context":{"0":{"requested_path":"favicon.ico"},"1":{"actual_path":"favicon.ico"},"2":["favicon.ico"],"class":"_app"},"level":400,"level_name":"ERROR","channel":"_app","datetime":"2024-10-27T23:19:27.960926+00:00","extra":{}}
{"message":"_app->__construct()","context":{"0":{"requested_path":null},"1":{"actual_path":"/_page/show/index"},"class":"_app"},"level":400,"level_name":"ERROR","channel":"_app","datetime":"2024-10-27T23:22:14.703178+00:00","extra":{}}
{"message":"starting app","context":{"0":{"requested_path":null},"1":{"actual_path":"/_page/show/index"},"class":"_app"},"level":400,"level_name":"ERROR","channel":"_app","datetime":"2024-10-27T23:22:14.703344+00:00","extra":{}}
{"message":"parsing request path","context":{"0":{"requested_path":null},"1":{"actual_path":"/_page/show/index"},"class":"_app"},"level":400,"level_name":"ERROR","channel":"_app","datetime":"2024-10-27T23:22:14.703365+00:00","extra":{}}
{"message":"uri","context":{"0":{"requested_path":null},"1":{"actual_path":"/_page/show/index"},"2":{"1":"_page","2":"show","3":"index"},"class":"_app"},"level":400,"level_name":"ERROR","channel":"_app","datetime":"2024-10-27T23:22:14.703381+00:00","extra":{}}
{"message":"requested_path parsed","context":{"ctlr":"_page","method":"show","args":"index","0":{"path":"_page/show"},"class":"_app"},"level":400,"level_name":"ERROR","channel":"_app","datetime":"2024-10-27T23:22:14.703399+00:00","extra":{}}
{"message":"path_access","context":{"ctlr":"_page","method":"show","args":"index","0":{"path":"_page/show"},"1":{"_public_path_id":6,"_public_path_new":"2024-08-31 15:40:37.431008","_public_path_edit":"2024-08-31 15:40:37.431008","_public_path_active":1,"_public_path":"_page/show/index"},"class":"_app"},"level":400,"level_name":"ERROR","channel":"_app","datetime":"2024-10-27T23:22:14.720492+00:00","extra":{}}
{"message":"path_access_granted","context":{"ctlr":"_page","method":"show","args":"index","0":{"path":"_page/show"},"1":{"_public_path_id":6,"_public_path_new":"2024-08-31 15:40:37.431008","_public_path_edit":"2024-08-31 15:40:37.431008","_public_path_active":1,"_public_path":"_page/show/index"},"class":"_app"},"level":400,"level_name":"ERROR","channel":"_app","datetime":"2024-10-27T23:22:14.720546+00:00","extra":{}}
{"message":"app started","context":{"ctlr":"_page","method":"show","args":"index","0":{"path":"_page/show"},"1":{"_public_path_id":6,"_public_path_new":"2024-08-31 15:40:37.431008","_public_path_edit":"2024-08-31 15:40:37.431008","_public_path_active":1,"_public_path":"_page/show/index"},"2":[false],"class":"_app"},"level":400,"level_name":"ERROR","channel":"_app","datetime":"2024-10-27T23:22:14.729034+00:00","extra":{}}
{"message":"Serving path","context":{"ctlr":"_page","method":"show","args":"index","0":{"path":"_page/show"},"1":{"_public_path_id":6,"_public_path_new":"2024-08-31 15:40:37.431008","_public_path_edit":"2024-08-31 15:40:37.431008","_public_path_active":1,"_public_path":"_page/show/index"},"2":[false],"class":"_app"},"level":400,"level_name":"ERROR","channel":"_app","datetime":"2024-10-27T23:22:14.729068+00:00","extra":{}}
{"message":"serving _page_ctlr->show","context":{"ctlr":"_page","method":"show","args":"index","0":{"path":"_page/show"},"1":{"_public_path_id":6,"_public_path_new":"2024-08-31 15:40:37.431008","_public_path_edit":"2024-08-31 15:40:37.431008","_public_path_active":1,"_public_path":"_page/show/index"},"2":[false],"class":"_app"},"level":400,"level_name":"ERROR","channel":"_app","datetime":"2024-10-27T23:22:14.729113+00:00","extra":{}}
{"message":"instantiated ctlr","context":{"0":{},"class":"_app"},"level":400,"level_name":"ERROR","channel":"_app","datetime":"2024-10-27T23:22:14.731783+00:00","extra":{}}
{"message":"app obj args","context":{"0":{},"1":"index","class":"_app"},"level":400,"level_name":"ERROR","channel":"_app","datetime":"2024-10-27T23:22:14.740175+00:00","extra":{}}
{"message":"_app->__construct()","context":{"0":{"requested_path":"favicon.ico"},"1":{"actual_path":"favicon.ico"},"class":"_app"},"level":400,"level_name":"ERROR","channel":"_app","datetime":"2024-10-27T23:22:15.217339+00:00","extra":{}}
{"message":"starting app","context":{"0":{"requested_path":"favicon.ico"},"1":{"actual_path":"favicon.ico"},"class":"_app"},"level":400,"level_name":"ERROR","channel":"_app","datetime":"2024-10-27T23:22:15.217466+00:00","extra":{}}
{"message":"parsing request path","context":{"0":{"requested_path":"favicon.ico"},"1":{"actual_path":"favicon.ico"},"class":"_app"},"level":400,"level_name":"ERROR","channel":"_app","datetime":"2024-10-27T23:22:15.217487+00:00","extra":{}}
{"message":"uri","context":{"0":{"requested_path":"favicon.ico"},"1":{"actual_path":"favicon.ico"},"2":["favicon.ico"],"class":"_app"},"level":400,"level_name":"ERROR","channel":"_app","datetime":"2024-10-27T23:22:15.217502+00:00","extra":{}}
{"message":"_app->__construct()","context":{"0":{"requested_path":"favicon.ico"},"1":{"actual_path":"favicon.ico"},"class":"_app"},"level":400,"level_name":"ERROR","channel":"_app","datetime":"2024-10-27T23:22:17.643475+00:00","extra":{}}
{"message":"starting app","context":{"0":{"requested_path":"favicon.ico"},"1":{"actual_path":"favicon.ico"},"class":"_app"},"level":400,"level_name":"ERROR","channel":"_app","datetime":"2024-10-27T23:22:17.643609+00:00","extra":{}}
{"message":"parsing request path","context":{"0":{"requested_path":"favicon.ico"},"1":{"actual_path":"favicon.ico"},"class":"_app"},"level":400,"level_name":"ERROR","channel":"_app","datetime":"2024-10-27T23:22:17.643628+00:00","extra":{}}
{"message":"uri","context":{"0":{"requested_path":"favicon.ico"},"1":{"actual_path":"favicon.ico"},"2":["favicon.ico"],"class":"_app"},"level":400,"level_name":"ERROR","channel":"_app","datetime":"2024-10-27T23:22:17.643641+00:00","extra":{}}
